 (0,0): Unity incremental compiler server
 (0,0): watchdog active on pid: 7952
 (0,0): [09-20-2018 10:25:41.071 ] Assembly-CSharp.dll: no prior compilation found in cache
 (0,0): [09-20-2018 10:25:41.086 ] Assembly-CSharp.dll compiling...
 (0,0): [09-20-2018 10:25:43.494 ] Assembly-CSharp.dll: emitting IL to : C:\Users\smass\Desktop\CoinEffectTesting\Coin Testing Project\Temp\Assembly-CSharp.dll
 (0,0): [09-20-2018 10:25:43.587 ] Assembly-CSharp.dll compilation finished in 2500ms  source files re-parsed: 20 metadata reloaded: 207
 (0,0): [09-20-2018 10:25:52.766 ] Assembly-CSharp.dll compiling...
 (0,0): [09-20-2018 10:25:52.864 ] Assembly-CSharp.dll: emitting IL to : C:\Users\smass\Desktop\CoinEffectTesting\Coin Testing Project\Temp\Assembly-CSharp.dll
 (0,0): [09-20-2018 10:25:52.952 ] Assembly-CSharp.dll compilation finished in 187ms  source files re-parsed: 1 metadata reloaded: 0
 (0,0): [09-20-2018 10:25:52.965 ] Assembly-CSharp.dll: compilation was cached, 1 file(s) were found to have changed.
 (0,0): [09-20-2018 10:29:34.723 ] Compiler cache size is now 13,78 MB
 (0,0): [09-20-2018 11:07:43.441 ] Assembly-CSharp.dll compiling...
 (0,0): [09-20-2018 11:07:43.499 ] Assembly-CSharp.dll: emitting IL to : C:\Users\smass\Desktop\CoinEffectTesting\Coin Testing Project\Temp\Assembly-CSharp.dll
 (0,0): [09-20-2018 11:07:43.567 ] Assembly-CSharp.dll compilation finished in 126ms  source files re-parsed: 1 metadata reloaded: 0
 (0,0): [09-20-2018 11:07:43.580 ] Assembly-CSharp.dll: compilation was cached, 1 file(s) were found to have changed.
 (0,0): [09-20-2018 11:24:02.211 ] Assembly-CSharp.dll compiling...
 (0,0): [09-20-2018 11:24:02.266 ] Assembly-CSharp.dll: emitting IL to : C:\Users\smass\Desktop\CoinEffectTesting\Coin Testing Project\Temp\Assembly-CSharp.dll
 (0,0): [09-20-2018 11:24:02.331 ] Assembly-CSharp.dll compilation finished in 120ms  source files re-parsed: 1 metadata reloaded: 0
 (0,0): [09-20-2018 11:24:02.344 ] Assembly-CSharp.dll: compilation was cached, 1 file(s) were found to have changed.
 (0,0): [09-20-2018 11:49:12.838 ] Assembly-CSharp.dll compiling...
 (0,0): [09-20-2018 11:49:12.900 ] Assembly-CSharp.dll: emitting IL to : C:\Users\smass\Desktop\CoinEffectTesting\Coin Testing Project\Temp\Assembly-CSharp.dll
 (0,0): [09-20-2018 11:49:12.954 ] Assembly-CSharp.dll compilation finished in 116ms  source files re-parsed: 1 metadata reloaded: 0
 (0,0): [09-20-2018 11:49:12.967 ] Assembly-CSharp.dll: compilation was cached, 1 file(s) were found to have changed.
 (0,0): [09-20-2018 11:49:21.926 ] Assembly-CSharp.dll compiling...
 (0,0): [09-20-2018 11:49:21.995 ] Assembly-CSharp.dll: emitting IL to : C:\Users\smass\Desktop\CoinEffectTesting\Coin Testing Project\Temp\Assembly-CSharp.dll
 (0,0): [09-20-2018 11:49:22.053 ] Assembly-CSharp.dll compilation finished in 126ms  source files re-parsed: 1 metadata reloaded: 0
 (0,0): [09-20-2018 11:49:22.065 ] Assembly-CSharp.dll: compilation was cached, 1 file(s) were found to have changed.
 (0,0): [09-20-2018 11:49:27.826 ] Assembly-CSharp.dll compiling...
 (0,0): [09-20-2018 11:49:27.885 ] Assembly-CSharp.dll: emitting IL to : C:\Users\smass\Desktop\CoinEffectTesting\Coin Testing Project\Temp\Assembly-CSharp.dll
 (0,0): [09-20-2018 11:49:27.942 ] Assembly-CSharp.dll compilation finished in 115ms  source files re-parsed: 1 metadata reloaded: 0
 (0,0): [09-20-2018 11:49:27.955 ] Assembly-CSharp.dll: compilation was cached, 1 file(s) were found to have changed.
 (0,0): [09-20-2018 11:49:32.519 ] Assembly-CSharp.dll compiling...
 (0,0): [09-20-2018 11:49:32.563 ] Assembly-CSharp.dll: emitting IL to : C:\Users\smass\Desktop\CoinEffectTesting\Coin Testing Project\Temp\Assembly-CSharp.dll
 (0,0): [09-20-2018 11:49:32.628 ] Assembly-CSharp.dll compilation finished in 108ms  source files re-parsed: 1 metadata reloaded: 0
 (0,0): [09-20-2018 11:49:32.640 ] Assembly-CSharp.dll: compilation was cached, 1 file(s) were found to have changed.
 (0,0): [09-20-2018 11:51:27.558 ] Assembly-CSharp.dll compiling...
 (0,0): [09-20-2018 11:51:27.607 ] Assembly-CSharp.dll: emitting IL to : C:\Users\smass\Desktop\CoinEffectTesting\Coin Testing Project\Temp\Assembly-CSharp.dll
 (0,0): [09-20-2018 11:51:27.662 ] Assembly-CSharp.dll compilation finished in 104ms  source files re-parsed: 1 metadata reloaded: 0
 (0,0): [09-20-2018 11:51:27.675 ] Assembly-CSharp.dll: compilation was cached, 1 file(s) were found to have changed.
 (0,0): [09-20-2018 11:52:10.091 ] Assembly-CSharp.dll compiling...
 (0,0): [09-20-2018 11:52:10.157 ] Assembly-CSharp.dll: emitting IL to : C:\Users\smass\Desktop\CoinEffectTesting\Coin Testing Project\Temp\Assembly-CSharp.dll
 (0,0): [09-20-2018 11:52:10.185 ] Assembly-CSharp.dll compilation finished in 95ms  source files re-parsed: 1 metadata reloaded: 0
 (0,0): [09-20-2018 11:52:10.198 ] Assembly-CSharp.dll: compilation was cached, 1 file(s) were found to have changed.
 (0,0): [09-20-2018 11:52:20.519 ] Assembly-CSharp.dll compiling...
 (0,0): [09-20-2018 11:52:20.578 ] Assembly-CSharp.dll: emitting IL to : C:\Users\smass\Desktop\CoinEffectTesting\Coin Testing Project\Temp\Assembly-CSharp.dll
 (0,0): [09-20-2018 11:52:20.633 ] Assembly-CSharp.dll compilation finished in 114ms  source files re-parsed: 1 metadata reloaded: 0
 (0,0): [09-20-2018 11:52:20.645 ] Assembly-CSharp.dll: compilation was cached, 1 file(s) were found to have changed.
 (0,0): [09-20-2018 11:53:01.387 ] Assembly-CSharp.dll compiling...
 (0,0): [09-20-2018 11:53:01.435 ] Assembly-CSharp.dll: emitting IL to : C:\Users\smass\Desktop\CoinEffectTesting\Coin Testing Project\Temp\Assembly-CSharp.dll
 (0,0): [09-20-2018 11:53:01.489 ] Assembly-CSharp.dll compilation finished in 101ms  source files re-parsed: 1 metadata reloaded: 0
 (0,0): [09-20-2018 11:53:01.502 ] Assembly-CSharp.dll: compilation was cached, 1 file(s) were found to have changed.
 (0,0): [09-20-2018 11:53:58.149 ] Unity.TextMeshPro.dll: no prior compilation found in cache
 (0,0): [09-20-2018 11:53:58.166 ] Unity.TextMeshPro.dll compiling...
 (0,0): [09-20-2018 11:53:58.300 ] Unity.Mathematics.dll: no prior compilation found in cache
 (0,0): [09-20-2018 11:53:58.313 ] Unity.Mathematics.dll compiling...
 (0,0): [09-20-2018 11:53:58.320 ] Unity.Properties.dll: no prior compilation found in cache
 (0,0): [09-20-2018 11:53:58.350 ] Unity.Properties.dll compiling...
 (0,0): [09-20-2018 11:53:58.527 ] Unity.Burst.dll: no prior compilation found in cache
 (0,0): [09-20-2018 11:53:58.539 ] Unity.Burst.dll compiling...
 (0,0): [09-20-2018 11:53:58.575 ] UnityEditor.StandardEvents.dll: no prior compilation found in cache
 (0,0): [09-20-2018 11:53:58.588 ] UnityEditor.StandardEvents.dll compiling...
 (0,0): [09-20-2018 11:53:58.653 ] Unity.PackageManagerUI.Editor.dll: no prior compilation found in cache
 (0,0): [09-20-2018 11:53:58.666 ] Unity.PackageManagerUI.Editor.dll compiling...
 (0,0): [09-20-2018 11:53:58.667 ] UnityEditor.StandardEvents.dll: emitting IL to : C:\Users\smass\Desktop\CoinEffectTesting\Coin Testing Project\Temp\UnityEditor.StandardEvents.dll
 (0,0): [09-20-2018 11:53:58.769 ] UnityEditor.StandardEvents.dll compilation finished in 181ms  source files re-parsed: 1 metadata reloaded: 1
 (0,0): [09-20-2018 11:53:58.809 ] Unity.Burst.dll: emitting IL to : C:\Users\smass\Desktop\CoinEffectTesting\Coin Testing Project\Temp\Unity.Burst.dll
 (0,0): [09-20-2018 11:53:58.933 ] Unity.Burst.dll compilation finished in 394ms  source files re-parsed: 2 metadata reloaded: 0
 (0,0): [09-20-2018 11:53:59.904 ] Unity.Properties.dll: emitting IL to : C:\Users\smass\Desktop\CoinEffectTesting\Coin Testing Project\Temp\Unity.Properties.dll
 (0,0): [09-20-2018 11:53:59.908 ] Unity.Burst.Editor.dll: no prior compilation found in cache
 (0,0): [09-20-2018 11:53:59.921 ] Unity.Burst.Editor.dll compiling...
 (0,0): [09-20-2018 11:53:59.965 ] Unity.PackageManagerUI.Editor.dll: emitting IL to : C:\Users\smass\Desktop\CoinEffectTesting\Coin Testing Project\Temp\Unity.PackageManagerUI.Editor.dll
 (0,0): [09-20-2018 11:54:00.017 ] Unity.Properties.dll compilation finished in 1666ms  source files re-parsed: 34 metadata reloaded: 0
 (0,0): [09-20-2018 11:54:00.017 ] Unity.TextMeshPro.dll: emitting IL to : C:\Users\smass\Desktop\CoinEffectTesting\Coin Testing Project\Temp\Unity.TextMeshPro.dll
 (0,0): [09-20-2018 11:54:00.073 ] Unity.Burst.Editor.dll: emitting IL to : C:\Users\smass\Desktop\CoinEffectTesting\Coin Testing Project\Temp\Unity.Burst.Editor.dll
 (0,0): [09-20-2018 11:54:00.104 ] Unity.PackageManagerUI.Editor.dll compilation finished in 1438ms  source files re-parsed: 44 metadata reloaded: 0
 (0,0): [09-20-2018 11:54:00.183 ] Unity.Burst.Editor.dll compilation finished in 262ms  source files re-parsed: 9 metadata reloaded: 1
 (0,0): [09-20-2018 11:54:00.205 ] Unity.TextMeshPro.dll compilation finished in 2040ms  source files re-parsed: 45 metadata reloaded: 18
 (0,0): [09-20-2018 11:54:00.712 ] Unity.Properties.Editor.dll: no prior compilation found in cache
 (0,0): [09-20-2018 11:54:00.724 ] Unity.Properties.Editor.dll compiling...
 (0,0): [09-20-2018 11:54:00.880 ] Unity.TextMeshPro.Editor.dll: no prior compilation found in cache
 (0,0): [09-20-2018 11:54:00.893 ] Unity.TextMeshPro.Editor.dll compiling...
 (0,0): [09-20-2018 11:54:00.920 ] Unity.Properties.Editor.dll: emitting IL to : C:\Users\smass\Desktop\CoinEffectTesting\Coin Testing Project\Temp\Unity.Properties.Editor.dll
 (0,0): [09-20-2018 11:54:00.962 ] Unity.Properties.Codegen.dll: no prior compilation found in cache
 (0,0): [09-20-2018 11:54:00.980 ] Unity.Properties.Codegen.dll compiling...
 (0,0): [09-20-2018 11:54:01.018 ] Unity.Mathematics.dll: emitting IL to : C:\Users\smass\Desktop\CoinEffectTesting\Coin Testing Project\Temp\Unity.Mathematics.dll
 (0,0): [09-20-2018 11:54:01.109 ] Unity.Properties.Editor.dll compilation finished in 385ms  source files re-parsed: 23 metadata reloaded: 1
 (0,0): [09-20-2018 11:54:01.169 ] Unity.Properties.Codegen.dll: emitting IL to : C:\Users\smass\Desktop\CoinEffectTesting\Coin Testing Project\Temp\Unity.Properties.Codegen.dll
 (0,0): [09-20-2018 11:54:01.186 ] Unity.Mathematics.dll compilation finished in 2873ms  source files re-parsed: 81 metadata reloaded: 0
 (0,0): [09-20-2018 11:54:01.194 ] Unity.TextMeshPro.Editor.dll: emitting IL to : C:\Users\smass\Desktop\CoinEffectTesting\Coin Testing Project\Temp\Unity.TextMeshPro.Editor.dll
 (0,0): [09-20-2018 11:54:01.223 ] Unity.Properties.Codegen.dll compilation finished in 243ms  source files re-parsed: 7 metadata reloaded: 0
 (0,0): [09-20-2018 11:54:01.303 ] Unity.TextMeshPro.Editor.dll compilation finished in 411ms  source files re-parsed: 39 metadata reloaded: 1
 (0,0): [09-20-2018 11:54:01.508 ] Unity.Collections.dll: no prior compilation found in cache
 (0,0): [09-20-2018 11:54:01.521 ] Unity.Collections.dll compiling...
 (0,0): [09-20-2018 11:54:01.614 ] Unity.Collections.dll: emitting IL to : C:\Users\smass\Desktop\CoinEffectTesting\Coin Testing Project\Temp\Unity.Collections.dll
 (0,0): [09-20-2018 11:54:01.622 ] Unity.Mathematics.Editor.dll: no prior compilation found in cache
 (0,0): [09-20-2018 11:54:01.634 ] Unity.Mathematics.Editor.dll compiling...
 (0,0): [09-20-2018 11:54:01.673 ] Unity.Collections.dll compilation finished in 152ms  source files re-parsed: 11 metadata reloaded: 1
 (0,0): [09-20-2018 11:54:01.676 ] Unity.Mathematics.Editor.dll: emitting IL to : C:\Users\smass\Desktop\CoinEffectTesting\Coin Testing Project\Temp\Unity.Mathematics.Editor.dll
 (0,0): [09-20-2018 11:54:01.725 ] Unity.Mathematics.Editor.dll compilation finished in 91ms  source files re-parsed: 1 metadata reloaded: 0
 (0,0): [09-20-2018 11:54:02.115 ] Unity.Entities.dll: no prior compilation found in cache
 (0,0): [09-20-2018 11:54:02.128 ] Unity.Entities.dll compiling...
 (0,0): [09-20-2018 11:54:02.225 ] Unity.Jobs.dll: no prior compilation found in cache
 (0,0): [09-20-2018 11:54:02.250 ] Unity.Jobs.dll compiling...
 (0,0): [09-20-2018 11:54:02.359 ] Unity.Jobs.dll: emitting IL to : C:\Users\smass\Desktop\CoinEffectTesting\Coin Testing Project\Temp\Unity.Jobs.dll
 (0,0): [09-20-2018 11:54:02.433 ] Unity.Jobs.dll compilation finished in 182ms  source files re-parsed: 3 metadata reloaded: 0
 (0,0): [09-20-2018 11:54:02.492 ] Unity.Entities.dll: emitting IL to : C:\Users\smass\Desktop\CoinEffectTesting\Coin Testing Project\Temp\Unity.Entities.dll
 (0,0): [09-20-2018 11:54:02.581 ] Unity.Entities.dll compilation finished in 454ms  source files re-parsed: 57 metadata reloaded: 1
 (0,0): [09-20-2018 11:54:02.749 ] Unity.Jobs.Editor.dll: no prior compilation found in cache
 (0,0): [09-20-2018 11:54:02.761 ] Unity.Jobs.Editor.dll compiling...
 (0,0): [09-20-2018 11:54:02.787 ] Unity.Jobs.Editor.dll: emitting IL to : C:\Users\smass\Desktop\CoinEffectTesting\Coin Testing Project\Temp\Unity.Jobs.Editor.dll
 (0,0): [09-20-2018 11:54:02.824 ] Unity.Jobs.Editor.dll compilation finished in 63ms  source files re-parsed: 1 metadata reloaded: 1
 (0,0): [09-20-2018 11:54:02.856 ] Unity.Entities.Hybrid.dll: no prior compilation found in cache
 (0,0): [09-20-2018 11:54:02.869 ] Unity.Entities.Hybrid.dll compiling...
 (0,0): [09-20-2018 11:54:02.968 ] Unity.Entities.Hybrid.dll: emitting IL to : C:\Users\smass\Desktop\CoinEffectTesting\Coin Testing Project\Temp\Unity.Entities.Hybrid.dll
 (0,0): [09-20-2018 11:54:03.019 ] Unity.Entities.Hybrid.dll compilation finished in 150ms  source files re-parsed: 11 metadata reloaded: 1
 (0,0): [09-20-2018 11:54:03.367 ] Unity.Transforms.dll: no prior compilation found in cache
 (0,0): [09-20-2018 11:54:03.380 ] Unity.Transforms.dll compiling...
 (0,0): [09-20-2018 11:54:03.461 ] Unity.Transforms.dll: emitting IL to : C:\Users\smass\Desktop\CoinEffectTesting\Coin Testing Project\Temp\Unity.Transforms.dll
 (0,0): [09-20-2018 11:54:03.515 ] Unity.Transforms.dll compilation finished in 134ms  source files re-parsed: 9 metadata reloaded: 1
 (0,0): [09-20-2018 11:54:04.143 ] Unity.Rendering.Hybrid.dll: no prior compilation found in cache
 (0,0): [09-20-2018 11:54:04.155 ] Unity.Rendering.Hybrid.dll compiling...
 (0,0): [09-20-2018 11:54:04.238 ] Unity.Rendering.Hybrid.dll: emitting IL to : C:\Users\smass\Desktop\CoinEffectTesting\Coin Testing Project\Temp\Unity.Rendering.Hybrid.dll
 (0,0): [09-20-2018 11:54:04.249 ] Unity.Entities.Properties.dll: no prior compilation found in cache
 (0,0): [09-20-2018 11:54:04.262 ] Unity.Entities.Properties.dll compiling...
 (0,0): [09-20-2018 11:54:04.309 ] Unity.Rendering.Hybrid.dll compilation finished in 154ms  source files re-parsed: 9 metadata reloaded: 1
 (0,0): [09-20-2018 11:54:04.330 ] Unity.Entities.Properties.dll: emitting IL to : C:\Users\smass\Desktop\CoinEffectTesting\Coin Testing Project\Temp\Unity.Entities.Properties.dll
 (0,0): [09-20-2018 11:54:04.339 ] Unity.Transforms.Hybrid.dll: no prior compilation found in cache
 (0,0): [09-20-2018 11:54:04.352 ] Unity.Transforms.Hybrid.dll compiling...
 (0,0): [09-20-2018 11:54:04.384 ] Unity.Entities.Properties.dll compilation finished in 122ms  source files re-parsed: 14 metadata reloaded: 0
 (0,0): [09-20-2018 11:54:04.386 ] Unity.Transforms.Hybrid.dll: emitting IL to : C:\Users\smass\Desktop\CoinEffectTesting\Coin Testing Project\Temp\Unity.Transforms.Hybrid.dll
 (0,0): [09-20-2018 11:54:04.428 ] Unity.Transforms.Hybrid.dll compilation finished in 75ms  source files re-parsed: 6 metadata reloaded: 0
 (0,0): [09-20-2018 11:54:05.057 ] Unity.Entities.Editor.dll: no prior compilation found in cache
 (0,0): [09-20-2018 11:54:05.069 ] Unity.Entities.Editor.dll compiling...
 (0,0): [09-20-2018 11:54:05.170 ] Unity.Entities.Editor.dll: emitting IL to : C:\Users\smass\Desktop\CoinEffectTesting\Coin Testing Project\Temp\Unity.Entities.Editor.dll
 (0,0): [09-20-2018 11:54:05.225 ] Unity.Entities.Editor.dll compilation finished in 155ms  source files re-parsed: 23 metadata reloaded: 1
 (0,0): [09-20-2018 11:54:05.638 ] Assembly-CSharp.dll: no prior compilation found in cache
 (0,0): [09-20-2018 11:54:05.651 ] Assembly-CSharp.dll compiling...
 (0,0): [09-20-2018 11:54:05.718 ] Assembly-CSharp.dll: emitting IL to : C:\Users\smass\Desktop\CoinEffectTesting\Coin Testing Project\Temp\Assembly-CSharp.dll
 (0,0): [09-20-2018 11:54:05.771 ] Assembly-CSharp.dll compilation finished in 121ms  source files re-parsed: 18 metadata reloaded: 11
 (0,0): [09-20-2018 11:55:07.549 ] Compiler cache size is now 16,67 MB
 (0,0): [09-20-2018 11:55:27.134 ] Assembly-CSharp.dll compiling...
 (0,0): [09-20-2018 11:55:27.204 ] Assembly-CSharp.dll: emitting IL to : C:\Users\smass\Desktop\CoinEffectTesting\Coin Testing Project\Temp\Assembly-CSharp.dll
 (0,0): [09-20-2018 11:55:27.278 ] Assembly-CSharp.dll compilation finished in 143ms  source files re-parsed: 1 metadata reloaded: 0
 (0,0): [09-20-2018 11:55:27.291 ] Assembly-CSharp.dll: compilation was cached, 1 file(s) were found to have changed.
 (0,0): [09-21-2018 12:10:57.632 ] Assembly-CSharp.dll compiling...
 (0,0): [09-21-2018 12:10:57.692 ] Assembly-CSharp.dll: emitting IL to : C:\Users\smass\Desktop\CoinEffectTesting\Coin Testing Project\Temp\Assembly-CSharp.dll
 (0,0): [09-21-2018 12:10:57.714 ] Assembly-CSharp.dll compilation finished in 82ms  source files re-parsed: 1 metadata reloaded: 0
 (0,0): [09-21-2018 12:10:57.726 ] Assembly-CSharp.dll: compilation was cached, 1 file(s) were found to have changed.
 (0,0): [09-21-2018 12:38:53.478 ] Assembly-CSharp.dll compiling...
 (0,0): [09-21-2018 12:38:53.546 ] Assembly-CSharp.dll: emitting IL to : C:\Users\smass\Desktop\CoinEffectTesting\Coin Testing Project\Temp\Assembly-CSharp.dll
 (0,0): [09-21-2018 12:38:53.606 ] Assembly-CSharp.dll compilation finished in 126ms  source files re-parsed: 2 metadata reloaded: 0
 (0,0): [09-21-2018 12:38:53.618 ] Assembly-CSharp.dll: compilation was cached, 2 file(s) were found to have changed.
 (0,0): [09-21-2018 12:41:57.389 ] Assembly-CSharp.dll compiling...
 (0,0): [09-21-2018 12:41:57.446 ] Assembly-CSharp.dll: emitting IL to : C:\Users\smass\Desktop\CoinEffectTesting\Coin Testing Project\Temp\Assembly-CSharp.dll
 (0,0): [09-21-2018 12:41:57.511 ] Assembly-CSharp.dll compilation finished in 121ms  source files re-parsed: 1 metadata reloaded: 0
 (0,0): [09-21-2018 12:41:57.524 ] Assembly-CSharp.dll: compilation was cached, 1 file(s) were found to have changed.
 (0,0): [09-21-2018 12:44:10.861 ] Assembly-CSharp.dll compiling...
 (0,0): [09-21-2018 12:44:10.914 ] Assembly-CSharp.dll: emitting IL to : C:\Users\smass\Desktop\CoinEffectTesting\Coin Testing Project\Temp\Assembly-CSharp.dll
 (0,0): [09-21-2018 12:44:10.973 ] Assembly-CSharp.dll compilation finished in 112ms  source files re-parsed: 1 metadata reloaded: 0
 (0,0): [09-21-2018 12:44:10.986 ] Assembly-CSharp.dll: compilation was cached, 1 file(s) were found to have changed.
 (0,0): [09-21-2018 12:47:02.822 ] Assembly-CSharp.dll compiling...
 (0,0): [09-21-2018 12:47:02.881 ] Assembly-CSharp.dll: emitting IL to : C:\Users\smass\Desktop\CoinEffectTesting\Coin Testing Project\Temp\Assembly-CSharp.dll
 (0,0): [09-21-2018 12:47:02.942 ] Assembly-CSharp.dll compilation finished in 119ms  source files re-parsed: 1 metadata reloaded: 0
 (0,0): [09-21-2018 12:47:02.954 ] Assembly-CSharp.dll: compilation was cached, 1 file(s) were found to have changed.
 (0,0): [09-21-2018 12:48:42.801 ] Assembly-CSharp.dll compiling...
 (0,0): [09-21-2018 12:48:42.862 ] Assembly-CSharp.dll: emitting IL to : C:\Users\smass\Desktop\CoinEffectTesting\Coin Testing Project\Temp\Assembly-CSharp.dll
 (0,0): [09-21-2018 12:48:42.926 ] Assembly-CSharp.dll compilation finished in 124ms  source files re-parsed: 1 metadata reloaded: 0
 (0,0): [09-21-2018 12:48:42.938 ] Assembly-CSharp.dll: compilation was cached, 1 file(s) were found to have changed.
 (0,0): [09-21-2018 12:49:14.745 ] Assembly-CSharp.dll compiling...
 (0,0): [09-21-2018 12:49:14.798 ] Assembly-CSharp.dll: emitting IL to : C:\Users\smass\Desktop\CoinEffectTesting\Coin Testing Project\Temp\Assembly-CSharp.dll
 (0,0): [09-21-2018 12:49:14.859 ] Assembly-CSharp.dll compilation finished in 113ms  source files re-parsed: 1 metadata reloaded: 0
 (0,0): [09-21-2018 12:49:14.874 ] Assembly-CSharp.dll: compilation was cached, 1 file(s) were found to have changed.
 (0,0): [09-21-2018 12:50:02.263 ] Assembly-CSharp.dll compiling...
 (0,0): [09-21-2018 12:50:02.319 ] Assembly-CSharp.dll: emitting IL to : C:\Users\smass\Desktop\CoinEffectTesting\Coin Testing Project\Temp\Assembly-CSharp.dll
 (0,0): [09-21-2018 12:50:02.384 ] Assembly-CSharp.dll compilation finished in 120ms  source files re-parsed: 1 metadata reloaded: 0
 (0,0): [09-21-2018 12:50:02.396 ] Assembly-CSharp.dll: compilation was cached, 1 file(s) were found to have changed.
 (0,0): [09-21-2018 12:57:30.674 ] Assembly-CSharp.dll compiling...
 (0,0): [09-21-2018 12:57:30.736 ] Assembly-CSharp.dll: emitting IL to : C:\Users\smass\Desktop\CoinEffectTesting\Coin Testing Project\Temp\Assembly-CSharp.dll
 (0,0): [09-21-2018 12:57:30.802 ] Assembly-CSharp.dll compilation finished in 129ms  source files re-parsed: 1 metadata reloaded: 0
 (0,0): [09-21-2018 12:57:30.815 ] Assembly-CSharp.dll: compilation was cached, 1 file(s) were found to have changed.
 (0,0): [09-21-2018 12:57:43.244 ] Assembly-CSharp.dll compiling...
 (0,0): [09-21-2018 12:57:43.302 ] Assembly-CSharp.dll: emitting IL to : C:\Users\smass\Desktop\CoinEffectTesting\Coin Testing Project\Temp\Assembly-CSharp.dll
 (0,0): [09-21-2018 12:57:43.364 ] Assembly-CSharp.dll compilation finished in 118ms  source files re-parsed: 1 metadata reloaded: 0
 (0,0): [09-21-2018 12:57:43.376 ] Assembly-CSharp.dll: compilation was cached, 1 file(s) were found to have changed.
 (0,0): [09-21-2018 12:58:34.039 ] Assembly-CSharp.dll compiling...
 (0,0): [09-21-2018 12:58:34.090 ] Assembly-CSharp.dll: emitting IL to : C:\Users\smass\Desktop\CoinEffectTesting\Coin Testing Project\Temp\Assembly-CSharp.dll
 (0,0): [09-21-2018 12:58:34.151 ] Assembly-CSharp.dll compilation finished in 112ms  source files re-parsed: 1 metadata reloaded: 0
 (0,0): [09-21-2018 12:58:34.163 ] Assembly-CSharp.dll: compilation was cached, 1 file(s) were found to have changed.
 (0,0): [09-21-2018 12:58:47.673 ] Assembly-CSharp.dll compiling...
 (0,0): [09-21-2018 12:58:47.729 ] Assembly-CSharp.dll: emitting IL to : C:\Users\smass\Desktop\CoinEffectTesting\Coin Testing Project\Temp\Assembly-CSharp.dll
 (0,0): [09-21-2018 12:58:47.783 ] Assembly-CSharp.dll compilation finished in 109ms  source files re-parsed: 1 metadata reloaded: 0
 (0,0): [09-21-2018 12:58:47.798 ] Assembly-CSharp.dll: compilation was cached, 1 file(s) were found to have changed.
 (0,0): [09-21-2018 01:02:10.622 ] Assembly-CSharp.dll compiling...
 (0,0): [09-21-2018 01:02:10.684 ] Assembly-CSharp.dll: emitting IL to : C:\Users\smass\Desktop\CoinEffectTesting\Coin Testing Project\Temp\Assembly-CSharp.dll
 (0,0): [09-21-2018 01:02:10.753 ] Assembly-CSharp.dll compilation finished in 130ms  source files re-parsed: 1 metadata reloaded: 0
 (0,0): [09-21-2018 01:02:10.765 ] Assembly-CSharp.dll: compilation was cached, 1 file(s) were found to have changed.
 (0,0): [09-21-2018 01:03:16.764 ] Assembly-CSharp.dll compiling...
 (0,0): [09-21-2018 01:03:16.816 ] Assembly-CSharp.dll: emitting IL to : C:\Users\smass\Desktop\CoinEffectTesting\Coin Testing Project\Temp\Assembly-CSharp.dll
 (0,0): [09-21-2018 01:03:16.870 ] Assembly-CSharp.dll compilation finished in 106ms  source files re-parsed: 1 metadata reloaded: 0
 (0,0): [09-21-2018 01:03:16.882 ] Assembly-CSharp.dll: compilation was cached, 1 file(s) were found to have changed.
 (0,0): [09-21-2018 01:16:46.914 ] Assembly-CSharp.dll compiling...
 (0,0): [09-21-2018 01:16:46.968 ] Assembly-CSharp.dll: emitting IL to : C:\Users\smass\Desktop\CoinEffectTesting\Coin Testing Project\Temp\Assembly-CSharp.dll
 (0,0): [09-21-2018 01:16:47.028 ] Assembly-CSharp.dll compilation finished in 113ms  source files re-parsed: 1 metadata reloaded: 0
 (0,0): [09-21-2018 01:16:47.040 ] Assembly-CSharp.dll: compilation was cached, 1 file(s) were found to have changed.
 (0,0): [09-21-2018 01:28:11.874 ] Assembly-CSharp.dll: no prior compilation found in cache
 (0,0): [09-21-2018 01:28:11.887 ] Assembly-CSharp.dll compiling...
 (0,0): [09-21-2018 01:28:11.941 ] Assembly-CSharp.dll: emitting IL to : C:\Users\smass\Desktop\CoinEffectTesting\Coin Testing Project\Temp\Assembly-CSharp.dll
 (0,0): [09-21-2018 01:28:12.005 ] Assembly-CSharp.dll compilation finished in 118ms  source files re-parsed: 19 metadata reloaded: 0
 (0,0): [09-21-2018 01:29:41.310 ] Assembly-CSharp.dll compiling...
 (0,0): [09-21-2018 01:29:41.364 ] Assembly-CSharp.dll: emitting IL to : C:\Users\smass\Desktop\CoinEffectTesting\Coin Testing Project\Temp\Assembly-CSharp.dll
 (0,0): [09-21-2018 01:29:41.428 ] Assembly-CSharp.dll compilation finished in 118ms  source files re-parsed: 1 metadata reloaded: 0
 (0,0): [09-21-2018 01:29:41.440 ] Assembly-CSharp.dll: compilation was cached, 1 file(s) were found to have changed.
 (0,0): [09-21-2018 01:33:18.655 ] Assembly-CSharp.dll compiling...
 (0,0): [09-21-2018 01:33:18.708 ] Assembly-CSharp.dll: emitting IL to : C:\Users\smass\Desktop\CoinEffectTesting\Coin Testing Project\Temp\Assembly-CSharp.dll
 (0,0): [09-21-2018 01:33:18.772 ] Assembly-CSharp.dll compilation finished in 116ms  source files re-parsed: 1 metadata reloaded: 0
 (0,0): [09-21-2018 01:33:18.784 ] Assembly-CSharp.dll: compilation was cached, 1 file(s) were found to have changed.
 (0,0): [09-21-2018 02:00:03.323 ] Assembly-CSharp.dll compiling...
 (0,0): [09-21-2018 02:00:03.387 ] Assembly-CSharp.dll: emitting IL to : C:\Users\smass\Desktop\CoinEffectTesting\Coin Testing Project\Temp\Assembly-CSharp.dll
 (0,0): [09-21-2018 02:00:03.453 ] Assembly-CSharp.dll compilation finished in 134ms  source files re-parsed: 1 metadata reloaded: 0
 (0,0): [09-21-2018 02:00:03.473 ] Assembly-CSharp.dll: compilation was cached, 1 file(s) were found to have changed.
 (0,0): [09-21-2018 02:00:16.296 ] Assembly-CSharp.dll compiling...
 (0,0): [09-21-2018 02:00:16.363 ] Assembly-CSharp.dll: emitting IL to : C:\Users\smass\Desktop\CoinEffectTesting\Coin Testing Project\Temp\Assembly-CSharp.dll
 (0,0): [09-21-2018 02:00:16.436 ] Assembly-CSharp.dll compilation finished in 138ms  source files re-parsed: 1 metadata reloaded: 0
 (0,0): [09-21-2018 02:00:16.462 ] Assembly-CSharp.dll: compilation was cached, 1 file(s) were found to have changed.
 (0,0): watchdog triggered an exit
